Using pre-set license
Built from '2021.2/staging' branch; Version is '2021.2.13f1 (90b6766da538) revision 9483894'; Using compiler version '192829333'; Build Type 'Release'
OS: 'Windows 10  (10.0.19044) 64bit Professional' Language: 'ru' Physical Memory: 7165 MB
BatchMode: 1, IsHumanControllingUs: 0, StartBugReporterOnCrash: 0, Is64bit: 1, IsPro: 1

COMMAND LINE ARGUMENTS:
C:\Program Files\Unity\Hub\Editor\2021.2.13f1\Editor\Unity.exe
-adb2
-batchMode
-noUpm
-name
AssetImportWorker0
-projectPath
D:/repository/Zone-Tactic/Zone Tactic
-logFile
Logs/AssetImportWorker0.log
-srvPort
60537
Successfully changed project path to: D:/repository/Zone-Tactic/Zone Tactic
D:/repository/Zone-Tactic/Zone Tactic
[UnityMemory] Configuration Parameters - Can be set up in boot.config
    "memorysetup-bucket-allocator-granularity=16"
    "memorysetup-bucket-allocator-bucket-count=8"
    "memorysetup-bucket-allocator-block-size=33554432"
    "memorysetup-bucket-allocator-block-count=8"
    "memorysetup-main-allocator-block-size=16777216"
    "memorysetup-thread-allocator-block-size=16777216"
    "memorysetup-gfx-main-allocator-block-size=16777216"
    "memorysetup-gfx-thread-allocator-block-size=16777216"
    "memorysetup-cache-allocator-block-size=4194304"
    "memorysetup-typetree-allocator-block-size=2097152"
    "memorysetup-profiler-bucket-allocator-granularity=16"
    "memorysetup-profiler-bucket-allocator-bucket-count=8"
    "memorysetup-profiler-bucket-allocator-block-size=33554432"
    "memorysetup-profiler-bucket-allocator-block-count=8"
    "memorysetup-profiler-allocator-block-size=16777216"
    "memorysetup-profiler-editor-allocator-block-size=1048576"
    "memorysetup-temp-allocator-size-main=16777216"
    "memorysetup-job-temp-allocator-block-size=2097152"
    "memorysetup-job-temp-allocator-block-size-background=1048576"
    "memorysetup-job-temp-allocator-reduction-small-platforms=262144"
    "memorysetup-temp-allocator-size-background-worker=32768"
    "memorysetup-temp-allocator-size-job-worker=262144"
    "memorysetup-temp-allocator-size-preload-manager=33554432"
    "memorysetup-temp-allocator-size-nav-mesh-worker=65536"
    "memorysetup-temp-allocator-size-audio-worker=65536"
    "memorysetup-temp-allocator-size-cloud-worker=32768"
    "memorysetup-temp-allocator-size-gi-baking-worker=262144"
    "memorysetup-temp-allocator-size-gfx=262144"
Refreshing native plugins compatible for Editor in 158.56 ms, found 3 plugins.
Preloading 0 native plugins for Editor in 0.00 ms.
Initialize engine version: 2021.2.13f1 (90b6766da538)
[Subsystems] Discovering subsystems at path C:/Program Files/Unity/Hub/Editor/2021.2.13f1/Editor/Data/Resources/UnitySubsystems
[Subsystems] Discovering subsystems at path D:/repository/Zone-Tactic/Zone Tactic/Assets
GfxDevice: creating device client; threaded=0; jobified=0
Direct3D:
    Version:  Direct3D 11.0 [level 11.1]
    Renderer: NVIDIA GeForce GTX 1050 Ti (ID=0x1c82)
    Vendor:   NVIDIA
    VRAM:     4018 MB
    Driver:   30.0.14.7284
Initialize mono
Mono path[0] = 'C:/Program Files/Unity/Hub/Editor/2021.2.13f1/Editor/Data/Managed'
Mono path[1] = 'C:/Program Files/Unity/Hub/Editor/2021.2.13f1/Editor/Data/MonoBleedingEdge/lib/mono/unityjit-win32'
Mono config path = 'C:/Program Files/Unity/Hub/Editor/2021.2.13f1/Editor/Data/MonoBleedingEdge/etc'
Using monoOptions --debugger-agent=transport=dt_socket,embedding=1,server=y,suspend=n,address=127.0.0.1:56480
Begin MonoManager ReloadAssembly
Registering precompiled unity dll's ...
Register platform support module: C:/Program Files/Unity/Hub/Editor/2021.2.13f1/Editor/Data/PlaybackEngines/WebGLSupport/UnityEditor.WebGL.Extensions.dll
Register platform support module: C:/Program Files/Unity/Hub/Editor/2021.2.13f1/Editor/Data/PlaybackEngines/WindowsStandaloneSupport/UnityEditor.WindowsStandalone.Extensions.dll
Registered in 0.020380 seconds.
Native extension for WindowsStandalone target not found
Native extension for WebGL target not found
Refreshing native plugins compatible for Editor in 145.91 ms, found 3 plugins.
Preloading 0 native plugins for Editor in 0.00 ms.
Mono: successfully reloaded assembly
- Completed reload, in  1.359 seconds
Domain Reload Profiling:
	ReloadAssembly (1361ms)
		BeginReloadAssembly (168ms)
			ExecutionOrderSort (0ms)
			DisableScriptedObjects (0ms)
			BackupInstance (0ms)
			ReleaseScriptingObjects (0ms)
			CreateAndSetChildDomain (1ms)
		EndReloadAssembly (919ms)
			LoadAssemblies (163ms)
			RebuildTransferFunctionScriptingTraits (0ms)
			SetupTypeCache (218ms)
			ReleaseScriptCaches (0ms)
			RebuildScriptCaches (57ms)
			SetupLoadedEditorAssemblies (537ms)
				LogAssemblyErrors (0ms)
				InitializePlatformSupportModulesInManaged (18ms)
				SetLoadedEditorAssemblies (0ms)
				RefreshPlugins (146ms)
				BeforeProcessingInitializeOnLoad (2ms)
				ProcessInitializeOnLoadAttributes (265ms)
				ProcessInitializeOnLoadMethodAttributes (104ms)
				AfterProcessingInitializeOnLoad (0ms)
				EditorAssembliesLoaded (0ms)
			ExecutionOrderSort2 (0ms)
			AwakeInstancesAfterBackupRestoration (0ms)
Platform modules already initialized, skipping
Registering precompiled user dll's ...
Registered in 0.007036 seconds.
Begin MonoManager ReloadAssembly
Symbol file LoadedFromMemory doesn't match image D:\repository\Zone-Tactic\Zone Tactic\Library\PackageCache\com.unity.visualscripting@1.7.6\Editor\VisualScripting.Core\Dependencies\YamlDotNet\Unity.VisualScripting.YamlDotNet.dll
Symbol file LoadedFromMemory doesn't match image D:\repository\Zone-Tactic\Zone Tactic\Library\PackageCache\com.unity.visualscripting@1.7.6\Editor\VisualScripting.Core\Dependencies\DotNetZip\Unity.VisualScripting.IonicZip.dll
Native extension for WindowsStandalone target not found
Native extension for WebGL target not found
Refreshing native plugins compatible for Editor in 1.06 ms, found 3 plugins.
Preloading 0 native plugins for Editor in 0.00 ms.
Mono: successfully reloaded assembly
- Completed reload, in  2.315 seconds
Domain Reload Profiling:
	ReloadAssembly (2317ms)
		BeginReloadAssembly (341ms)
			ExecutionOrderSort (0ms)
			DisableScriptedObjects (12ms)
			BackupInstance (0ms)
			ReleaseScriptingObjects (0ms)
			CreateAndSetChildDomain (52ms)
		EndReloadAssembly (1716ms)
			LoadAssemblies (180ms)
			RebuildTransferFunctionScriptingTraits (0ms)
			SetupTypeCache (672ms)
			ReleaseScriptCaches (2ms)
			RebuildScriptCaches (128ms)
			SetupLoadedEditorAssemblies (681ms)
				LogAssemblyErrors (0ms)
				InitializePlatformSupportModulesInManaged (14ms)
				SetLoadedEditorAssemblies (1ms)
				RefreshPlugins (1ms)
				BeforeProcessingInitializeOnLoad (166ms)
				ProcessInitializeOnLoadAttributes (435ms)
				ProcessInitializeOnLoadMethodAttributes (46ms)
				AfterProcessingInitializeOnLoad (18ms)
				EditorAssembliesLoaded (0ms)
			ExecutionOrderSort2 (0ms)
			AwakeInstancesAfterBackupRestoration (10ms)
Platform modules already initialized, skipping
========================================================================
Worker process is ready to serve import requests
Launched and connected shader compiler UnityShaderCompiler.exe after 0.11 seconds
Refreshing native plugins compatible for Editor in 1.12 ms, found 3 plugins.
Preloading 0 native plugins for Editor in 0.00 ms.
Unloading 3216 Unused Serialized files (Serialized files now loaded: 0)
Unloading 23 unused Assets / (112.1 KB). Loaded Objects now: 3689.
Memory consumption went from 123.6 MB to 123.5 MB.
Total: 7.337800 ms (FindLiveObjects: 0.828500 ms CreateObjectMapping: 0.274300 ms MarkObjects: 6.049800 ms  DeleteObjects: 0.182600 ms)

AssetImportParameters requested are different than current active one (requested -> active):
  custom:video-decoder-ogg-theora: a1e56fd34408186e4bbccfd4996cb3dc -> 
  custom:container-muxer-webm: aa71ff27fc2769a1b78a27578f13a17b -> 
  custom:container-demuxer-webm: 4f35f7cbe854078d1ac9338744f61a02 -> 
  custom:video-encoder-webm-vp8: eb34c28f22e8b96e1ab97ce403110664 -> 
  custom:audio-encoder-webm-vorbis: bf7c407c2cedff20999df2af8eb42d56 -> 
  custom:framework-win-MediaFoundation: 216162199b28c13a410421893ffa2e32 -> 
  custom:container-demuxer-ogg: 62fdf1f143b41e24485cea50d1cbac27 -> 
  custom:video-decoder-webm-vp8: 9c59270c3fd7afecdb556c50c9e8de78 -> 
  custom:audio-decoder-ogg-vorbis: bf7c407c2cedff20999df2af8eb42d56 -> 
========================================================================
Received Import Request.
  Time since last request: 23538.347715 seconds.
  path: Assets/New Terrain.asset
  artifactKey: Guid(eac5f9bbe56ea694c98dd5370cd548ad) Importer(815301076,1909f56bfc062723c751e8b465ee728b)
Start importing Assets/New Terrain.asset using Guid(eac5f9bbe56ea694c98dd5370cd548ad) Importer(815301076,1909f56bfc062723c751e8b465ee728b)  -> (artifact id: 'b1f52c916fa15cfb3adb5a95c0bed314') in 0.080151 seconds 
========================================================================
Received Import Request.
  Time since last request: 187.535574 seconds.
  path: Assets
  artifactKey: Guid(00000000000000001000000000000000) Importer(815301076,1909f56bfc062723c751e8b465ee728b)
Start importing Assets using Guid(00000000000000001000000000000000) Importer(815301076,1909f56bfc062723c751e8b465ee728b)  -> (artifact id: '79842766b460edbeab6a34051e857a80') in 0.010903 seconds 
========================================================================
Received Import Request.
  Time since last request: 18.555900 seconds.
  path: Assets/Materials
  artifactKey: Guid(d45043f7071196a4ca9f5be99bfc7839) Importer(815301076,1909f56bfc062723c751e8b465ee728b)
Start importing Assets/Materials using Guid(d45043f7071196a4ca9f5be99bfc7839) Importer(815301076,1909f56bfc062723c751e8b465ee728b)  -> (artifact id: '6aec566e1c86b7d7255965cd2738c116') in 0.012213 seconds 
========================================================================
Received Import Request.
  Time since last request: 10.853165 seconds.
  path: Assets/Materials/Models
  artifactKey: Guid(68369f2db13b03043a4da5400cbfdf67) Importer(815301076,1909f56bfc062723c751e8b465ee728b)
Start importing Assets/Materials/Models using Guid(68369f2db13b03043a4da5400cbfdf67) Importer(815301076,1909f56bfc062723c751e8b465ee728b)  -> (artifact id: 'cd5058eb7bd11af28bb9dfded3c7d185') in 0.008640 seconds 
========================================================================
Received Import Request.
  Time since last request: 62.573931 seconds.
  path: Assets/Materials/Models/Tankff_S.fbx
  artifactKey: Guid(1ee0d7e41577ea342a88ff867b89822b) Importer(815301076,1909f56bfc062723c751e8b465ee728b)
Start importing Assets/Materials/Models/Tankff_S.fbx using Guid(1ee0d7e41577ea342a88ff867b89822b) Importer(815301076,1909f56bfc062723c751e8b465ee728b)  -> (artifact id: '8290a6843f1df47125126ebbf59e688a') in 0.888887 seconds 
========================================================================
Received Import Request.
  Time since last request: 45.658259 seconds.
  path: Assets/Materials/Models/Car.fbx
  artifactKey: Guid(ea0f77fcd35d8094ea69c42e53dd26aa) Importer(815301076,1909f56bfc062723c751e8b465ee728b)
Start importing Assets/Materials/Models/Car.fbx using Guid(ea0f77fcd35d8094ea69c42e53dd26aa) Importer(815301076,1909f56bfc062723c751e8b465ee728b)  -> (artifact id: '7ea03c96249f795e6ffe5150aea20cb6') in 0.248216 seconds 
========================================================================
Received Import Request.
  Time since last request: 38.369004 seconds.
  path: Assets/Materials/Texter
  artifactKey: Guid(21775acfab509df4d97e836cfe61749e) Importer(815301076,1909f56bfc062723c751e8b465ee728b)
Start importing Assets/Materials/Texter using Guid(21775acfab509df4d97e836cfe61749e) Importer(815301076,1909f56bfc062723c751e8b465ee728b)  -> (artifact id: '1a5cd46f4e822437c0c2c8c6e14bbb63') in 0.010431 seconds 
========================================================================
Received Import Request.
  Time since last request: 13.754404 seconds.
  path: Assets/Materials/Texture
  artifactKey: Guid(21775acfab509df4d97e836cfe61749e) Importer(815301076,1909f56bfc062723c751e8b465ee728b)
Start importing Assets/Materials/Texture using Guid(21775acfab509df4d97e836cfe61749e) Importer(815301076,1909f56bfc062723c751e8b465ee728b)  -> (artifact id: '1f711f997ce5a624323fb37afab4542b') in 0.010876 seconds 
========================================================================
Received Import Request.
  Time since last request: 46.368823 seconds.
  path: Assets/Materials/Texture/txtr_canopus-iii_desert_cliffs_a.png
  artifactKey: Guid(c421d17d896426541850926406b5e48e) Importer(815301076,1909f56bfc062723c751e8b465ee728b)
Start importing Assets/Materials/Texture/txtr_canopus-iii_desert_cliffs_a.png using Guid(c421d17d896426541850926406b5e48e) Importer(815301076,1909f56bfc062723c751e8b465ee728b)  -> (artifact id: 'f6aba05ea6719a7d55e36402ceddfc79') in 0.122335 seconds 
========================================================================
Received Import Request.
  Time since last request: 0.000043 seconds.
  path: Assets/Materials/Texture/txtr_canopus-iii_set01-all_emis.tif
  artifactKey: Guid(40c0f80de26106741ad9c687aba1af40) Importer(815301076,1909f56bfc062723c751e8b465ee728b)
Start importing Assets/Materials/Texture/txtr_canopus-iii_set01-all_emis.tif using Guid(40c0f80de26106741ad9c687aba1af40) Importer(815301076,1909f56bfc062723c751e8b465ee728b)  -> (artifact id: 'a1e5566b40e3fb0d93135881cbcbb59d') in 0.040371 seconds 
========================================================================
Received Import Request.
  Time since last request: 0.000052 seconds.
  path: Assets/Materials/Texture/txtr_canopus-iii_ground_sand.png
  artifactKey: Guid(cefe88a299494c94baf4866cfd2a51ea) Importer(815301076,1909f56bfc062723c751e8b465ee728b)
Start importing Assets/Materials/Texture/txtr_canopus-iii_ground_sand.png using Guid(cefe88a299494c94baf4866cfd2a51ea) Importer(815301076,1909f56bfc062723c751e8b465ee728b)  -> (artifact id: '3602b315c0b9f06af21add55ddbb440f') in 0.022000 seconds 
========================================================================
Received Import Request.
  Time since last request: 0.000043 seconds.
  path: Assets/Materials/Texture/txtr_canopus-iii_set01-red_diff.png
  artifactKey: Guid(df3b8bb53bf8f75498641c88c300d20f) Importer(815301076,1909f56bfc062723c751e8b465ee728b)
Start importing Assets/Materials/Texture/txtr_canopus-iii_set01-red_diff.png using Guid(df3b8bb53bf8f75498641c88c300d20f) Importer(815301076,1909f56bfc062723c751e8b465ee728b)  -> (artifact id: 'c60e737916dc9d715cb8daf282567f7a') in 0.023466 seconds 
========================================================================
Received Import Request.
  Time since last request: 0.000037 seconds.
  path: Assets/Materials/Texture/txtr_canopus-iii_set01-green_diff.png
  artifactKey: Guid(74a5cf9150c16624799fd011c78fa5cb) Importer(815301076,1909f56bfc062723c751e8b465ee728b)
Start importing Assets/Materials/Texture/txtr_canopus-iii_set01-green_diff.png using Guid(74a5cf9150c16624799fd011c78fa5cb) Importer(815301076,1909f56bfc062723c751e8b465ee728b)  -> (artifact id: '0837c96e6f655056a214c71dc9124712') in 0.024916 seconds 
========================================================================
Received Import Request.
  Time since last request: 0.000050 seconds.
  path: Assets/Materials/Texture/txtr_canopus-iii_set01-blue_diff.png
  artifactKey: Guid(445c6dc2318168b4e938d78d1ee739bc) Importer(815301076,1909f56bfc062723c751e8b465ee728b)
Start importing Assets/Materials/Texture/txtr_canopus-iii_set01-blue_diff.png using Guid(445c6dc2318168b4e938d78d1ee739bc) Importer(815301076,1909f56bfc062723c751e8b465ee728b)  -> (artifact id: 'bb241ba550bc392826a72d9a5bff84a0') in 0.024725 seconds 
========================================================================
Received Import Request.
  Time since last request: 0.000039 seconds.
  path: Assets/Materials/Texture/txtr_canopus-iii_ground_cracked.png
  artifactKey: Guid(ead65731bb819a04ab2a2cbda2b23718) Importer(815301076,1909f56bfc062723c751e8b465ee728b)
Start importing Assets/Materials/Texture/txtr_canopus-iii_ground_cracked.png using Guid(ead65731bb819a04ab2a2cbda2b23718) Importer(815301076,1909f56bfc062723c751e8b465ee728b)  -> (artifact id: '8a543bbee11d3267aba8e8d855d178c3') in 0.029794 seconds 
========================================================================
Received Import Request.
  Time since last request: 98.153558 seconds.
  path: Assets/Materials/Texture/ground_desert_1.jpg
  artifactKey: Guid(ea09682cd028c5d4e9c0a4089cb6dcf5) Importer(815301076,1909f56bfc062723c751e8b465ee728b)
Start importing Assets/Materials/Texture/ground_desert_1.jpg using Guid(ea09682cd028c5d4e9c0a4089cb6dcf5) Importer(815301076,1909f56bfc062723c751e8b465ee728b)  -> (artifact id: '7e46d5f693575730e8e92ea643990bc6') in 0.033143 seconds 
========================================================================
Received Import Request.
  Time since last request: 0.000037 seconds.
  path: Assets/Materials/Texture/Gruond_3.jpg
  artifactKey: Guid(e930ca709a8c84649840942ec1537ce3) Importer(815301076,1909f56bfc062723c751e8b465ee728b)
Start importing Assets/Materials/Texture/Gruond_3.jpg using Guid(e930ca709a8c84649840942ec1537ce3) Importer(815301076,1909f56bfc062723c751e8b465ee728b)  -> (artifact id: '3a7631de147239bbcad9926a7c855a3b') in 0.021058 seconds 
========================================================================
Received Import Request.
  Time since last request: 0.000048 seconds.
  path: Assets/Materials/Texture/ground_desert_2.jpg
  artifactKey: Guid(513332a07f281274da765f39d976e6b5) Importer(815301076,1909f56bfc062723c751e8b465ee728b)
Start importing Assets/Materials/Texture/ground_desert_2.jpg using Guid(513332a07f281274da765f39d976e6b5) Importer(815301076,1909f56bfc062723c751e8b465ee728b)  -> (artifact id: 'd07b038837c045289c583e7416765270') in 0.023855 seconds 
========================================================================
Received Import Request.
  Time since last request: 31.967940 seconds.
  path: Assets/Materials/Terrain.asset
  artifactKey: Guid(eac5f9bbe56ea694c98dd5370cd548ad) Importer(815301076,1909f56bfc062723c751e8b465ee728b)
Start importing Assets/Materials/Terrain.asset using Guid(eac5f9bbe56ea694c98dd5370cd548ad) Importer(815301076,1909f56bfc062723c751e8b465ee728b)  -> (artifact id: '37a4235af14e3fde15a41a3cbe279abc') in 0.027967 seconds 
========================================================================
Received Import Request.
  Time since last request: 15.138609 seconds.
  path: Assets/Materials/New Terrain 1.asset
  artifactKey: Guid(97502150d7edf7b4ba4530952d28f8c9) Importer(815301076,1909f56bfc062723c751e8b465ee728b)
Start importing Assets/Materials/New Terrain 1.asset using Guid(97502150d7edf7b4ba4530952d28f8c9) Importer(815301076,1909f56bfc062723c751e8b465ee728b)  -> (artifact id: 'c46e890bf0e6a32fc3b5a6b2f42174a5') in 0.077538 seconds 
========================================================================
Received Import Request.
  Time since last request: 154.866658 seconds.
  path: Assets/Materials/Texture/NewLayer.terrainlayer
  artifactKey: Guid(ce1a5d9b953d2ad4badd05721d689e54) Importer(815301076,1909f56bfc062723c751e8b465ee728b)
Start importing Assets/Materials/Texture/NewLayer.terrainlayer using Guid(ce1a5d9b953d2ad4badd05721d689e54) Importer(815301076,1909f56bfc062723c751e8b465ee728b)  -> (artifact id: 'a1a2434c7f848ebc23a7d1d10a404cd4') in 0.023710 seconds 
========================================================================
Received Import Request.
  Time since last request: 186.515278 seconds.
  path: Assets/e.renderTexture
  artifactKey: Guid(129e7828901f2d642b8abe9156b0ddc8) Importer(815301076,1909f56bfc062723c751e8b465ee728b)
Start importing Assets/e.renderTexture using Guid(129e7828901f2d642b8abe9156b0ddc8) Importer(815301076,1909f56bfc062723c751e8b465ee728b)  -> (artifact id: '7f562542238975fabbd1fccc3f8291a9') in 0.035696 seconds 
========================================================================
Received Import Request.
  Time since last request: 14.907211 seconds.
  path: Assets/Prefab
  artifactKey: Guid(0f3b0f50eddbdb443b11864b604d37c4) Importer(815301076,1909f56bfc062723c751e8b465ee728b)
Start importing Assets/Prefab using Guid(0f3b0f50eddbdb443b11864b604d37c4) Importer(815301076,1909f56bfc062723c751e8b465ee728b)  -> (artifact id: '2ac3afa7010c942b785e6ad46efa8a30') in 0.012874 seconds 
========================================================================
Received Import Request.
  Time since last request: 35.203620 seconds.
  path: Assets/Prefab/Base.prefab
  artifactKey: Guid(47804c682fd64354c81bf55dfa365a64) Importer(815301076,1909f56bfc062723c751e8b465ee728b)
Start importing Assets/Prefab/Base.prefab using Guid(47804c682fd64354c81bf55dfa365a64) Importer(815301076,1909f56bfc062723c751e8b465ee728b)  -> (artifact id: '3a89e6628e40f87e2f5f761bf27b29cd') in 0.025476 seconds 
========================================================================
Received Import Request.
  Time since last request: 2.436857 seconds.
  path: Assets/Prefab/Car_S.prefab
  artifactKey: Guid(6c3db0ee6fa41974cbe41383eccdac02) Importer(815301076,1909f56bfc062723c751e8b465ee728b)
Start importing Assets/Prefab/Car_S.prefab using Guid(6c3db0ee6fa41974cbe41383eccdac02) Importer(815301076,1909f56bfc062723c751e8b465ee728b)  -> (artifact id: 'fe724073bdd7c056cdfa1fe37a922140') in 0.031281 seconds 
========================================================================
Received Import Request.
  Time since last request: 2319.584890 seconds.
  path: Assets/Materials/Models/Balloon_01.prefab
  artifactKey: Guid(dc0b40bf21585554ab23dfeca13da7ca) Importer(815301076,1909f56bfc062723c751e8b465ee728b)
Start importing Assets/Materials/Models/Balloon_01.prefab using Guid(dc0b40bf21585554ab23dfeca13da7ca) Importer(815301076,1909f56bfc062723c751e8b465ee728b)  -> (artifact id: 'f09b3c40f43c42683b71909fc1b560f6') in 0.021532 seconds 
========================================================================
Received Import Request.
  Time since last request: 0.000044 seconds.
  path: Assets/Materials/Models/SelectionRing_02.prefab
  artifactKey: Guid(76cc16dd127b4984483257d02e7412ba) Importer(815301076,1909f56bfc062723c751e8b465ee728b)
Start importing Assets/Materials/Models/SelectionRing_02.prefab using Guid(76cc16dd127b4984483257d02e7412ba) Importer(815301076,1909f56bfc062723c751e8b465ee728b)  -> (artifact id: 'e2cdd54278e7107dfc7614e7230487cd') in 0.015710 seconds 
========================================================================
Received Import Request.
  Time since last request: 0.000036 seconds.
  path: Assets/Materials/Models/SelectionRing_03.prefab
  artifactKey: Guid(3257263db61192a4e85c79bab2f3143d) Importer(815301076,1909f56bfc062723c751e8b465ee728b)
Start importing Assets/Materials/Models/SelectionRing_03.prefab using Guid(3257263db61192a4e85c79bab2f3143d) Importer(815301076,1909f56bfc062723c751e8b465ee728b)  -> (artifact id: '133b5bd9b0a83541fa95f858f9aaec9f') in 0.025472 seconds 
========================================================================
Received Import Request.
  Time since last request: 0.000043 seconds.
  path: Assets/Materials/Models/SelectionRing_06.prefab
  artifactKey: Guid(489244dd4a320be4dac094426f942cf0) Importer(815301076,1909f56bfc062723c751e8b465ee728b)
Start importing Assets/Materials/Models/SelectionRing_06.prefab using Guid(489244dd4a320be4dac094426f942cf0) Importer(815301076,1909f56bfc062723c751e8b465ee728b)  -> (artifact id: '7d94bf79c76a952e9cbb3038a3632128') in 0.014777 seconds 
========================================================================
Received Import Request.
  Time since last request: 50.856594 seconds.
  path: Assets/Materials/Models/SI_MultiplierIcon.fbx
  artifactKey: Guid(f5d75a644d64eef4d9cc3880008f5abd) Importer(815301076,1909f56bfc062723c751e8b465ee728b)
Start importing Assets/Materials/Models/SI_MultiplierIcon.fbx using Guid(f5d75a644d64eef4d9cc3880008f5abd) Importer(815301076,1909f56bfc062723c751e8b465ee728b)  -> (artifact id: 'bde2acf22cc50a57e7848dc54dd92134') in 0.067763 seconds 
========================================================================
Received Import Request.
  Time since last request: 0.000034 seconds.
  path: Assets/Materials/Models/SM_Icon_Skull_01.fbx
  artifactKey: Guid(f3c25dceeb487624d99d1963a864ef53) Importer(815301076,1909f56bfc062723c751e8b465ee728b)
Start importing Assets/Materials/Models/SM_Icon_Skull_01.fbx using Guid(f3c25dceeb487624d99d1963a864ef53) Importer(815301076,1909f56bfc062723c751e8b465ee728b)  -> (artifact id: 'e7ab40d2df79b6dac47d7512f472ecfb') in 0.045654 seconds 
========================================================================
Received Import Request.
  Time since last request: 0.000040 seconds.
  path: Assets/Materials/Models/SM_Prop_Barrel_01.fbx
  artifactKey: Guid(7f3cb09e836bbb54183106b6ec5b0f79) Importer(815301076,1909f56bfc062723c751e8b465ee728b)
Start importing Assets/Materials/Models/SM_Prop_Barrel_01.fbx using Guid(7f3cb09e836bbb54183106b6ec5b0f79) Importer(815301076,1909f56bfc062723c751e8b465ee728b)  -> (artifact id: '8d695ebe44c27fadc84a8bed359a7191') in 0.044372 seconds 
========================================================================
Received Import Request.
  Time since last request: 0.000042 seconds.
  path: Assets/Materials/Models/SM_Item_Ball_American_01.fbx
  artifactKey: Guid(855618ee77033334283a92258792b015) Importer(815301076,1909f56bfc062723c751e8b465ee728b)
Start importing Assets/Materials/Models/SM_Item_Ball_American_01.fbx using Guid(855618ee77033334283a92258792b015) Importer(815301076,1909f56bfc062723c751e8b465ee728b)  -> (artifact id: '9cb456e5c762f26d064d35c53074ef6a') in 0.052031 seconds 
========================================================================
Received Import Request.
  Time since last request: 0.000050 seconds.
  path: Assets/Materials/Models/SM_Prop_Bone_01.fbx
  artifactKey: Guid(29e7ba2e59e45d8499d3d324a6ebe586) Importer(815301076,1909f56bfc062723c751e8b465ee728b)
Start importing Assets/Materials/Models/SM_Prop_Bone_01.fbx using Guid(29e7ba2e59e45d8499d3d324a6ebe586) Importer(815301076,1909f56bfc062723c751e8b465ee728b)  -> (artifact id: '61f7a4c6c91e80152d0e65ca054bce66') in 0.049049 seconds 
========================================================================
Received Import Request.
  Time since last request: 0.000091 seconds.
  path: Assets/Materials/Models/SimpleDogs.fbx
  artifactKey: Guid(2b991e5d346592f4cab1ae759e1bf6a2) Importer(815301076,1909f56bfc062723c751e8b465ee728b)
Start importing Assets/Materials/Models/SimpleDogs.fbx using Guid(2b991e5d346592f4cab1ae759e1bf6a2) Importer(815301076,1909f56bfc062723c751e8b465ee728b)  -> (artifact id: '549c7c2b6657b4f33351f1d43947853a') in 0.768215 seconds 
========================================================================
Received Import Request.
  Time since last request: 0.000039 seconds.
  path: Assets/Materials/Models/SA_Animal_Horse.fbx
  artifactKey: Guid(9682e1d4e0116294a956a5d7eab627ab) Importer(815301076,1909f56bfc062723c751e8b465ee728b)
Start importing Assets/Materials/Models/SA_Animal_Horse.fbx using Guid(9682e1d4e0116294a956a5d7eab627ab) Importer(815301076,1909f56bfc062723c751e8b465ee728b)  -> (artifact id: 'fa4a39105b44ab053011154d8bcf4139') in 0.135477 seconds 
========================================================================
Received Import Request.
  Time since last request: 0.000062 seconds.
  path: Assets/Materials/Models/FX_GunFlash.fbx
  artifactKey: Guid(d0645f6c3cd3e634db82d8eb30222cfb) Importer(815301076,1909f56bfc062723c751e8b465ee728b)
Start importing Assets/Materials/Models/FX_GunFlash.fbx using Guid(d0645f6c3cd3e634db82d8eb30222cfb) Importer(815301076,1909f56bfc062723c751e8b465ee728b)  -> (artifact id: '647315b4b3ea17c2b0279a9dac850aeb') in 0.047631 seconds 
========================================================================
Received Import Request.
  Time since last request: 0.000040 seconds.
  path: Assets/Materials/Models/road_straight_mesh.fbx
  artifactKey: Guid(4f17eda951edf494791e08ecbeb28e29) Importer(815301076,1909f56bfc062723c751e8b465ee728b)
Start importing Assets/Materials/Models/road_straight_mesh.fbx using Guid(4f17eda951edf494791e08ecbeb28e29) Importer(815301076,1909f56bfc062723c751e8b465ee728b)  -> (artifact id: 'be4091694b69794b19cf3a5735d5c1a4') in 0.043416 seconds 
========================================================================
Received Import Request.
  Time since last request: 0.000041 seconds.
  path: Assets/Materials/Models/Prop_Barrier01.fbx
  artifactKey: Guid(ba72d4292c04f504c8754732d7cddf27) Importer(815301076,1909f56bfc062723c751e8b465ee728b)
Start importing Assets/Materials/Models/Prop_Barrier01.fbx using Guid(ba72d4292c04f504c8754732d7cddf27) Importer(815301076,1909f56bfc062723c751e8b465ee728b)  -> (artifact id: 'b2d00015be01d49f890495177cb520be') in 0.058668 seconds 
========================================================================
Received Import Request.
  Time since last request: 0.000064 seconds.
  path: Assets/Materials/Models/SM_Icon_Banana_02.fbx
  artifactKey: Guid(7603b17b85363fa4d9bf04b53b5e8be2) Importer(815301076,1909f56bfc062723c751e8b465ee728b)
Start importing Assets/Materials/Models/SM_Icon_Banana_02.fbx using Guid(7603b17b85363fa4d9bf04b53b5e8be2) Importer(815301076,1909f56bfc062723c751e8b465ee728b)  -> (artifact id: 'aa35a12a212a8f66e0613246b7f48fca') in 0.046937 seconds 
========================================================================
Received Import Request.
  Time since last request: 0.000051 seconds.
  path: Assets/Materials/Models/Prop_Barrier02.fbx
  artifactKey: Guid(699faa5878960c94c8848a58a37dfd54) Importer(815301076,1909f56bfc062723c751e8b465ee728b)
Start importing Assets/Materials/Models/Prop_Barrier02.fbx using Guid(699faa5878960c94c8848a58a37dfd54) Importer(815301076,1909f56bfc062723c751e8b465ee728b)  -> (artifact id: '7636fb9577d88de5f8f84026dfdb5448') in 0.054830 seconds 
========================================================================
Received Import Request.
  Time since last request: 0.000054 seconds.
  path: Assets/Materials/Models/Items_Pizza_01.fbx
  artifactKey: Guid(38bac9db97b23ba429bade53b7ea0ce0) Importer(815301076,1909f56bfc062723c751e8b465ee728b)
Start importing Assets/Materials/Models/Items_Pizza_01.fbx using Guid(38bac9db97b23ba429bade53b7ea0ce0) Importer(815301076,1909f56bfc062723c751e8b465ee728b)  -> (artifact id: '9543c58788cf88b643789f4dfb22f2d8') in 0.045768 seconds 
========================================================================
Received Import Request.
  Time since last request: 0.000032 seconds.
  path: Assets/Materials/Models/Animations_IK.fbx
  artifactKey: Guid(c7ed357917c291047a4b5bf01cba7bb6) Importer(815301076,1909f56bfc062723c751e8b465ee728b)
Start importing Assets/Materials/Models/Animations_IK.fbx using Guid(c7ed357917c291047a4b5bf01cba7bb6) Importer(815301076,1909f56bfc062723c751e8b465ee728b)  -> (artifact id: '2ade9bbd6af26a672f354a6c0a7fa8f2') in 0.022851 seconds 
========================================================================
Received Import Request.
  Time since last request: 0.000044 seconds.
  path: Assets/Materials/Models/SI_FireIcon.fbx
  artifactKey: Guid(765b4a3b00d6d4c47a987f0b0be67ab5) Importer(815301076,1909f56bfc062723c751e8b465ee728b)
Start importing Assets/Materials/Models/SI_FireIcon.fbx using Guid(765b4a3b00d6d4c47a987f0b0be67ab5) Importer(815301076,1909f56bfc062723c751e8b465ee728b)  -> (artifact id: '548b04a1afc751928d24a86304f769f7') in 0.045806 seconds 
========================================================================
Received Import Request.
  Time since last request: 0.000043 seconds.
  path: Assets/Materials/Models/Ball_Beachball.fbx
  artifactKey: Guid(b96adb10b0603ea42a9537c83575a967) Importer(815301076,1909f56bfc062723c751e8b465ee728b)
Start importing Assets/Materials/Models/Ball_Beachball.fbx using Guid(b96adb10b0603ea42a9537c83575a967) Importer(815301076,1909f56bfc062723c751e8b465ee728b)  -> (artifact id: '55983e3fb5fac9928af3f2d7bd09f7b7') in 0.047795 seconds 
========================================================================
Received Import Request.
  Time since last request: 0.000039 seconds.
  path: Assets/Materials/Models/ST_Veh_Van_Green_Z.fbx
  artifactKey: Guid(4ed001e2817e9ad44801059b4cb390f4) Importer(815301076,1909f56bfc062723c751e8b465ee728b)
Start importing Assets/Materials/Models/ST_Veh_Van_Green_Z.fbx using Guid(4ed001e2817e9ad44801059b4cb390f4) Importer(815301076,1909f56bfc062723c751e8b465ee728b)  -> (artifact id: '3923569161d0835e582188bb23202132') in 0.117654 seconds 
========================================================================
Received Import Request.
  Time since last request: 0.000045 seconds.
  path: Assets/Materials/Models/Items_Sandwich_01.fbx
  artifactKey: Guid(c8d3f944e195392468f9033dfa457412) Importer(815301076,1909f56bfc062723c751e8b465ee728b)
Start importing Assets/Materials/Models/Items_Sandwich_01.fbx using Guid(c8d3f944e195392468f9033dfa457412) Importer(815301076,1909f56bfc062723c751e8b465ee728b)  -> (artifact id: '911afc97f9d75f38f5a9d3ce4f1bd3cd') in 0.049246 seconds 
========================================================================
Received Import Request.
  Time since last request: 0.000186 seconds.
  path: Assets/Materials/Models/SM_Icon_Potion_02.fbx
  artifactKey: Guid(4e64ee4e1ab0b2c44873176dc598c7c7) Importer(815301076,1909f56bfc062723c751e8b465ee728b)
Start importing Assets/Materials/Models/SM_Icon_Potion_02.fbx using Guid(4e64ee4e1ab0b2c44873176dc598c7c7) Importer(815301076,1909f56bfc062723c751e8b465ee728b)  -> (artifact id: '03fd3387ee219fbf7fcc58f71bc0ab96') in 0.049674 seconds 
========================================================================
Received Import Request.
  Time since last request: 0.000045 seconds.
  path: Assets/Materials/Models/FX_PoolSplash_02.fbx
  artifactKey: Guid(d92e2fa2a53fa4b40ab54568b3737a0e) Importer(815301076,1909f56bfc062723c751e8b465ee728b)
Start importing Assets/Materials/Models/FX_PoolSplash_02.fbx using Guid(d92e2fa2a53fa4b40ab54568b3737a0e) Importer(815301076,1909f56bfc062723c751e8b465ee728b)  -> (artifact id: '0edfb0961e216ac78004878965da2cda') in 0.049906 seconds 
========================================================================
Received Import Request.
  Time since last request: 0.000035 seconds.
  path: Assets/Materials/Models/Vehicle_Boat_01.fbx
  artifactKey: Guid(ffcdee579bfebc84b933c8d3313518d0) Importer(815301076,1909f56bfc062723c751e8b465ee728b)
Start importing Assets/Materials/Models/Vehicle_Boat_01.fbx using Guid(ffcdee579bfebc84b933c8d3313518d0) Importer(815301076,1909f56bfc062723c751e8b465ee728b)  -> (artifact id: '9117c34ebf72aa997c3bbed0ceac2b28') in 0.052400 seconds 
========================================================================
Received Import Request.
  Time since last request: 0.000040 seconds.
  path: Assets/Materials/Models/SI_RepairIcon.fbx
  artifactKey: Guid(778cb8dd35c08454dbc3a05032420081) Importer(815301076,1909f56bfc062723c751e8b465ee728b)
Start importing Assets/Materials/Models/SI_RepairIcon.fbx using Guid(778cb8dd35c08454dbc3a05032420081) Importer(815301076,1909f56bfc062723c751e8b465ee728b)  -> (artifact id: 'b14308a3d9ec397c45829f8e0596f5e4') in 0.048110 seconds 
========================================================================
Received Import Request.
  Time since last request: 0.000045 seconds.
  path: Assets/Materials/Models/SI_Food_Organic_Pear_02.fbx
  artifactKey: Guid(4d9e2957c19c7714fb5d67c7d11e292f) Importer(815301076,1909f56bfc062723c751e8b465ee728b)
Start importing Assets/Materials/Models/SI_Food_Organic_Pear_02.fbx using Guid(4d9e2957c19c7714fb5d67c7d11e292f) Importer(815301076,1909f56bfc062723c751e8b465ee728b)  -> (artifact id: 'b0949bf3606f7bbce24753cec290d7bb') in 0.052127 seconds 
========================================================================
Received Import Request.
  Time since last request: 0.000052 seconds.
  path: Assets/Materials/Models/Ball_8Ball.fbx
  artifactKey: Guid(44f5e2da64ac85b449c25f8d518bc49f) Importer(815301076,1909f56bfc062723c751e8b465ee728b)
Start importing Assets/Materials/Models/Ball_8Ball.fbx using Guid(44f5e2da64ac85b449c25f8d518bc49f) Importer(815301076,1909f56bfc062723c751e8b465ee728b)  -> (artifact id: 'ed43c7360116f85e4305bea7430bb427') in 0.045721 seconds 
========================================================================
Received Import Request.
  Time since last request: 0.000040 seconds.
  path: Assets/Materials/Models/ST_Veh_Bus_Blue_Z.fbx
  artifactKey: Guid(a6222d498dd6f4e4292839edcfdd8e2d) Importer(815301076,1909f56bfc062723c751e8b465ee728b)
Start importing Assets/Materials/Models/ST_Veh_Bus_Blue_Z.fbx using Guid(a6222d498dd6f4e4292839edcfdd8e2d) Importer(815301076,1909f56bfc062723c751e8b465ee728b)  -> (artifact id: 'c03f93e2a3acd398da1df027df799ffc') in 0.134173 seconds 
========================================================================
Received Import Request.
  Time since last request: 0.000042 seconds.
  path: Assets/Materials/Models/SM_Tile_Hex_FloatingIsland_01.fbx
  artifactKey: Guid(825bc30c7a79a1245be125aa8a75befb) Importer(815301076,1909f56bfc062723c751e8b465ee728b)
Start importing Assets/Materials/Models/SM_Tile_Hex_FloatingIsland_01.fbx using Guid(825bc30c7a79a1245be125aa8a75befb) Importer(815301076,1909f56bfc062723c751e8b465ee728b)  -> (artifact id: 'e9386fc82cd9b1bf76eebbd60033757c') in 0.051785 seconds 
========================================================================
Received Import Request.
  Time since last request: 0.000062 seconds.
  path: Assets/Materials/Models/Prop_Barrier03.fbx
  artifactKey: Guid(ac0fc01d2e3ae3742852c6884033e045) Importer(815301076,1909f56bfc062723c751e8b465ee728b)
Start importing Assets/Materials/Models/Prop_Barrier03.fbx using Guid(ac0fc01d2e3ae3742852c6884033e045) Importer(815301076,1909f56bfc062723c751e8b465ee728b)  -> (artifact id: '206b1563a4e5faafb4102d0d42be879a') in 0.057441 seconds 
========================================================================
Received Import Request.
  Time since last request: 0.000146 seconds.
  path: Assets/Materials/Models/SM_Prop_Crate_01.fbx
  artifactKey: Guid(2a8f9becbc95f884ab7949f689377ba4) Importer(815301076,1909f56bfc062723c751e8b465ee728b)
Start importing Assets/Materials/Models/SM_Prop_Crate_01.fbx using Guid(2a8f9becbc95f884ab7949f689377ba4) Importer(815301076,1909f56bfc062723c751e8b465ee728b)  -> (artifact id: '0d1f7cec2a2a00577ac49215ecbb85d1') in 0.044307 seconds 
========================================================================
Received Import Request.
  Time since last request: 0.000037 seconds.
  path: Assets/Materials/Models/SI_Food_Organic_Carrot.fbx
  artifactKey: Guid(32f96e80d2971d44d97cba62f8263c5f) Importer(815301076,1909f56bfc062723c751e8b465ee728b)
Start importing Assets/Materials/Models/SI_Food_Organic_Carrot.fbx using Guid(32f96e80d2971d44d97cba62f8263c5f) Importer(815301076,1909f56bfc062723c751e8b465ee728b)  -> (artifact id: '65be02d8a2b4b8450a7e7a7b71ef8a0d') in 0.055968 seconds 
========================================================================
Received Import Request.
  Time since last request: 0.000047 seconds.
  path: Assets/Materials/Models/Animations_Static.fbx
  artifactKey: Guid(0c8ec8b831937334ba117c02abea0857) Importer(815301076,1909f56bfc062723c751e8b465ee728b)
Start importing Assets/Materials/Models/Animations_Static.fbx using Guid(0c8ec8b831937334ba117c02abea0857) Importer(815301076,1909f56bfc062723c751e8b465ee728b)  -> (artifact id: 'de6dac5987efcbc2fa5d5db426066f43') in 0.027490 seconds 
========================================================================
Received Import Request.
  Time since last request: 0.000039 seconds.
  path: Assets/Materials/Models/SM_Icon_Balloon_01.fbx
  artifactKey: Guid(dc484eeeb34668c428419b6b340c3e12) Importer(815301076,1909f56bfc062723c751e8b465ee728b)
Start importing Assets/Materials/Models/SM_Icon_Balloon_01.fbx using Guid(dc484eeeb34668c428419b6b340c3e12) Importer(815301076,1909f56bfc062723c751e8b465ee728b)  -> (artifact id: 'f2f7631bd3e6168bde388f6abdb384c4') in 0.046415 seconds 
========================================================================
Received Import Request.
  Time since last request: 0.000039 seconds.
  path: Assets/Materials/Models/SimplePeople.fbx
  artifactKey: Guid(fa33a41235c6bec43b21e174b6816ddb) Importer(815301076,1909f56bfc062723c751e8b465ee728b)
Start importing Assets/Materials/Models/SimplePeople.fbx using Guid(fa33a41235c6bec43b21e174b6816ddb) Importer(815301076,1909f56bfc062723c751e8b465ee728b)  -> (artifact id: '9b64bf045bf739066940d25ec357ba73') in 0.264347 seconds 
========================================================================
Received Import Request.
  Time since last request: 0.000064 seconds.
  path: Assets/Materials/Models/SM_Icon_SelectionRing_02.fbx
  artifactKey: Guid(949f1837ccf9b4941b420aaa493f3373) Importer(815301076,1909f56bfc062723c751e8b465ee728b)
Start importing Assets/Materials/Models/SM_Icon_SelectionRing_02.fbx using Guid(949f1837ccf9b4941b420aaa493f3373) Importer(815301076,1909f56bfc062723c751e8b465ee728b)  -> (artifact id: 'c01ee63d7761d9a946fb45de7d06a8b9') in 0.048103 seconds 
========================================================================
Received Import Request.
  Time since last request: 0.000035 seconds.
  path: Assets/Materials/Models/SM_Prop_Barrel_02.fbx
  artifactKey: Guid(90a569d06c1debf4e8c7abb29fdf275e) Importer(815301076,1909f56bfc062723c751e8b465ee728b)
Start importing Assets/Materials/Models/SM_Prop_Barrel_02.fbx using Guid(90a569d06c1debf4e8c7abb29fdf275e) Importer(815301076,1909f56bfc062723c751e8b465ee728b)  -> (artifact id: 'd89ba57ce3798597101ab18fe44d25ec') in 0.043826 seconds 
========================================================================
Received Import Request.
  Time since last request: 0.000038 seconds.
  path: Assets/Materials/Models/Prop_BouyLarge_01.fbx
  artifactKey: Guid(76f760840f3ae414ca1e8b4d06cd0ffb) Importer(815301076,1909f56bfc062723c751e8b465ee728b)
Start importing Assets/Materials/Models/Prop_BouyLarge_01.fbx using Guid(76f760840f3ae414ca1e8b4d06cd0ffb) Importer(815301076,1909f56bfc062723c751e8b465ee728b)  -> (artifact id: '4f1cbee13d0a8242351081e58c74d99a') in 0.043674 seconds 
========================================================================
Received Import Request.
  Time since last request: 0.000051 seconds.
  path: Assets/Materials/Models/SI_Symbol_Dollar.fbx
  artifactKey: Guid(37d11d7b6f4f25d409319a4b9deaa23b) Importer(815301076,1909f56bfc062723c751e8b465ee728b)
Start importing Assets/Materials/Models/SI_Symbol_Dollar.fbx using Guid(37d11d7b6f4f25d409319a4b9deaa23b) Importer(815301076,1909f56bfc062723c751e8b465ee728b)  -> (artifact id: '3cea4f797836584958d677b9ec4711c9') in 0.039771 seconds 
========================================================================
Received Import Request.
  Time since last request: 0.000051 seconds.
  path: Assets/Materials/Models/SK_Veh_Armor_Car_01.fbx
  artifactKey: Guid(37d66c9b3b78b1f4ebfaeaa3f44635bc) Importer(815301076,1909f56bfc062723c751e8b465ee728b)
Start importing Assets/Materials/Models/SK_Veh_Armor_Car_01.fbx using Guid(37d66c9b3b78b1f4ebfaeaa3f44635bc) Importer(815301076,1909f56bfc062723c751e8b465ee728b)  -> (artifact id: '73d5bc671c2d25cd7abafaa22527b353') in 0.122797 seconds 
========================================================================
Received Import Request.
  Time since last request: 0.000040 seconds.
  path: Assets/Materials/Models/SM_Icon_SelectionRing_03.fbx
  artifactKey: Guid(e6cb66a055935034d869666d9cc59e94) Importer(815301076,1909f56bfc062723c751e8b465ee728b)
Start importing Assets/Materials/Models/SM_Icon_SelectionRing_03.fbx using Guid(e6cb66a055935034d869666d9cc59e94) Importer(815301076,1909f56bfc062723c751e8b465ee728b)  -> (artifact id: '45923338f8fa4a28ad6a6087f30c2464') in 0.054353 seconds 
========================================================================
Received Import Request.
  Time since last request: 0.000052 seconds.
  path: Assets/Materials/Models/SI_PowerIcon.fbx
  artifactKey: Guid(e2a34f40d1d87aa48ae53c7a86ec2e46) Importer(815301076,1909f56bfc062723c751e8b465ee728b)
Start importing Assets/Materials/Models/SI_PowerIcon.fbx using Guid(e2a34f40d1d87aa48ae53c7a86ec2e46) Importer(815301076,1909f56bfc062723c751e8b465ee728b)  -> (artifact id: 'a03fb1ed422bcc903b599f305fbc8409') in 0.050294 seconds 
========================================================================
Received Import Request.
  Time since last request: 0.000046 seconds.
  path: Assets/Materials/Models/FX_PoolSplash_01.fbx
  artifactKey: Guid(3b2369285d6dccd4faea6a70ff4073d2) Importer(815301076,1909f56bfc062723c751e8b465ee728b)
Start importing Assets/Materials/Models/FX_PoolSplash_01.fbx using Guid(3b2369285d6dccd4faea6a70ff4073d2) Importer(815301076,1909f56bfc062723c751e8b465ee728b)  -> (artifact id: 'eeb2b904af34a126697d5e64f19141cd') in 0.046790 seconds 
========================================================================
Received Import Request.
  Time since last request: 0.000033 seconds.
  path: Assets/Materials/Models/SM_Prop_StoneWall_01.fbx
  artifactKey: Guid(b5207d63ed6e10c4382192d74761908b) Importer(815301076,1909f56bfc062723c751e8b465ee728b)
Start importing Assets/Materials/Models/SM_Prop_StoneWall_01.fbx using Guid(b5207d63ed6e10c4382192d74761908b) Importer(815301076,1909f56bfc062723c751e8b465ee728b)  -> (artifact id: '940115f711494e0b348881dd8844a525') in 0.043239 seconds 
========================================================================
Received Import Request.
  Time since last request: 0.000033 seconds.
  path: Assets/Materials/Models/SM_Veh_Convertable_01.fbx
  artifactKey: Guid(3e377ad0e2092db44a2ddc158437c631) Importer(815301076,1909f56bfc062723c751e8b465ee728b)
Start importing Assets/Materials/Models/SM_Veh_Convertable_01.fbx using Guid(3e377ad0e2092db44a2ddc158437c631) Importer(815301076,1909f56bfc062723c751e8b465ee728b)  -> (artifact id: '40e4f6d1066df8baec18441f1849acb7') in 0.160438 seconds 
========================================================================
Received Import Request.
  Time since last request: 0.000036 seconds.
  path: Assets/Materials/Models/ST_Veh_Ute_Red_Z.fbx
  artifactKey: Guid(4165bc9a8bb91414bbfde095b19a8fb3) Importer(815301076,1909f56bfc062723c751e8b465ee728b)
Start importing Assets/Materials/Models/ST_Veh_Ute_Red_Z.fbx using Guid(4165bc9a8bb91414bbfde095b19a8fb3) Importer(815301076,1909f56bfc062723c751e8b465ee728b)  -> (artifact id: '84a291f830b3e9327f941bf14b4bd0fc') in 0.125210 seconds 
========================================================================
Received Import Request.
  Time since last request: 0.000045 seconds.
  path: Assets/Materials/Models/SI_Food_Fish_Cooked.fbx
  artifactKey: Guid(ba0bb4d785680714981a54d6886755a4) Importer(815301076,1909f56bfc062723c751e8b465ee728b)
Start importing Assets/Materials/Models/SI_Food_Fish_Cooked.fbx using Guid(ba0bb4d785680714981a54d6886755a4) Importer(815301076,1909f56bfc062723c751e8b465ee728b)  -> (artifact id: 'b525ea6b932b68674b65bfed7f1eaafb') in 0.045017 seconds 
========================================================================
Received Import Request.
  Time since last request: 0.000047 seconds.
  path: Assets/Materials/Models/Ball_Cricket.fbx
  artifactKey: Guid(9941789065c0e9647b21f2445da89341) Importer(815301076,1909f56bfc062723c751e8b465ee728b)
Start importing Assets/Materials/Models/Ball_Cricket.fbx using Guid(9941789065c0e9647b21f2445da89341) Importer(815301076,1909f56bfc062723c751e8b465ee728b)  -> (artifact id: 'e17ea692444f03d40b43d6e0930ecbba') in 0.042833 seconds 
========================================================================
Received Import Request.
  Time since last request: 0.000034 seconds.
  path: Assets/Materials/Models/SM_Tree_Log_02.fbx
  artifactKey: Guid(02f4310d2f9cd194a98fd35c3844d7be) Importer(815301076,1909f56bfc062723c751e8b465ee728b)
Start importing Assets/Materials/Models/SM_Tree_Log_02.fbx using Guid(02f4310d2f9cd194a98fd35c3844d7be) Importer(815301076,1909f56bfc062723c751e8b465ee728b)  -> (artifact id: '1238785aa2fb6c972554aadc84b02c47') in 0.042058 seconds 
========================================================================
Received Import Request.
  Time since last request: 0.000037 seconds.
  path: Assets/Materials/Models/Fox.fbx
  artifactKey: Guid(c3378d6d4ddf5324589d36a40aebf3e8) Importer(815301076,1909f56bfc062723c751e8b465ee728b)
Start importing Assets/Materials/Models/Fox.fbx using Guid(c3378d6d4ddf5324589d36a40aebf3e8) Importer(815301076,1909f56bfc062723c751e8b465ee728b)  -> (artifact id: '44e7b512ba2ee30d349d77ac1d475159') in 0.250373 seconds 
========================================================================
Received Import Request.
  Time since last request: 0.000048 seconds.
  path: Assets/Materials/Models/SA_Animal_Birds.fbx
  artifactKey: Guid(e8fb2d9e1c1560c4ab64ae5ef2507459) Importer(815301076,1909f56bfc062723c751e8b465ee728b)
Start importing Assets/Materials/Models/SA_Animal_Birds.fbx using Guid(e8fb2d9e1c1560c4ab64ae5ef2507459) Importer(815301076,1909f56bfc062723c751e8b465ee728b)  -> (artifact id: 'd0bb314d3380566bc8a433a651c1f194') in 0.162144 seconds 
========================================================================
Received Import Request.
  Time since last request: 0.000060 seconds.
  path: Assets/Materials/Models/Animations.fbx
  artifactKey: Guid(cda2d35391371e44db940fc2e342f8cd) Importer(815301076,1909f56bfc062723c751e8b465ee728b)
Start importing Assets/Materials/Models/Animations.fbx using Guid(cda2d35391371e44db940fc2e342f8cd) Importer(815301076,1909f56bfc062723c751e8b465ee728b)  -> (artifact id: '7b09e4b36012a5a65e0d3a8dae5a9028') in 0.025985 seconds 
========================================================================
Received Import Request.
  Time since last request: 0.000049 seconds.
  path: Assets/Materials/Models/SK_Veh_Small_Heli_01.fbx
  artifactKey: Guid(9f30ab4f06aa2bf4889f219d6d0857d8) Importer(815301076,1909f56bfc062723c751e8b465ee728b)
Start importing Assets/Materials/Models/SK_Veh_Small_Heli_01.fbx using Guid(9f30ab4f06aa2bf4889f219d6d0857d8) Importer(815301076,1909f56bfc062723c751e8b465ee728b)  -> (artifact id: '9b47748a3fb1c11093ab6da37761e73d') in 0.077261 seconds 
========================================================================
Received Import Request.
  Time since last request: 0.000032 seconds.
  path: Assets/Materials/Models/SI_Food_Organic_Apple_01.fbx
  artifactKey: Guid(b0c2d62016463b248a3a1d19b209efaf) Importer(815301076,1909f56bfc062723c751e8b465ee728b)
Start importing Assets/Materials/Models/SI_Food_Organic_Apple_01.fbx using Guid(b0c2d62016463b248a3a1d19b209efaf) Importer(815301076,1909f56bfc062723c751e8b465ee728b)  -> (artifact id: 'ade3ef9701bc9fcd4cff041f0dad5e7d') in 0.043489 seconds 
========================================================================
Received Import Request.
  Time since last request: 0.000044 seconds.
  path: Assets/Materials/Models/FX_PoolSplash_03.fbx
  artifactKey: Guid(a87394ed9bd84b34a945bbf2ea30de74) Importer(815301076,1909f56bfc062723c751e8b465ee728b)
Start importing Assets/Materials/Models/FX_PoolSplash_03.fbx using Guid(a87394ed9bd84b34a945bbf2ea30de74) Importer(815301076,1909f56bfc062723c751e8b465ee728b)  -> (artifact id: 'fa49ab2391a111a50ed5c8a32ddcf50b') in 0.042969 seconds 
========================================================================
Received Import Request.
  Time since last request: 0.000046 seconds.
  path: Assets/Materials/Models/Deer.fbx
  artifactKey: Guid(f2f9f250fbac3f74aad5a7b081ebb0dc) Importer(815301076,1909f56bfc062723c751e8b465ee728b)
Start importing Assets/Materials/Models/Deer.fbx using Guid(f2f9f250fbac3f74aad5a7b081ebb0dc) Importer(815301076,1909f56bfc062723c751e8b465ee728b)  -> (artifact id: 'ba2447cad59669c75f05558bd0a85051') in 0.242043 seconds 
========================================================================
Received Import Request.
  Time since last request: 0.000045 seconds.
  path: Assets/Materials/Models/SM_Tile_Hex_Flat_01.fbx
  artifactKey: Guid(c26d9aa4cd502fe48b705ba428280569) Importer(815301076,1909f56bfc062723c751e8b465ee728b)
Start importing Assets/Materials/Models/SM_Tile_Hex_Flat_01.fbx using Guid(c26d9aa4cd502fe48b705ba428280569) Importer(815301076,1909f56bfc062723c751e8b465ee728b)  -> (artifact id: '89c493709686f93d03f4aba55f03b814') in 0.039055 seconds 
========================================================================
Received Import Request.
  Time since last request: 0.000034 seconds.
  path: Assets/Materials/Models/Fighter_Jet04.fbx
  artifactKey: Guid(8b93c2c09c7df884b8bad391bd32ccc4) Importer(815301076,1909f56bfc062723c751e8b465ee728b)
Start importing Assets/Materials/Models/Fighter_Jet04.fbx using Guid(8b93c2c09c7df884b8bad391bd32ccc4) Importer(815301076,1909f56bfc062723c751e8b465ee728b)  -> (artifact id: 'e68aa2adfdab6be2000663a312deddb1') in 0.342644 seconds 
========================================================================
Received Import Request.
  Time since last request: 0.000049 seconds.
  path: Assets/Materials/Models/SM_Icon_SelectionRing_06.fbx
  artifactKey: Guid(ee4c6415dc91406429bbe9a2f4446654) Importer(815301076,1909f56bfc062723c751e8b465ee728b)
Start importing Assets/Materials/Models/SM_Icon_SelectionRing_06.fbx using Guid(ee4c6415dc91406429bbe9a2f4446654) Importer(815301076,1909f56bfc062723c751e8b465ee728b)  -> (artifact id: '29a4ccf861ec1d668f75cd326932a32f') in 0.044854 seconds 
========================================================================
Received Import Request.
  Time since last request: 0.000041 seconds.
  path: Assets/Materials/Models/SM_Prop_Bomb_01.fbx
  artifactKey: Guid(b4d692cd57bda214a92ae1e92e63b0d0) Importer(815301076,1909f56bfc062723c751e8b465ee728b)
Start importing Assets/Materials/Models/SM_Prop_Bomb_01.fbx using Guid(b4d692cd57bda214a92ae1e92e63b0d0) Importer(815301076,1909f56bfc062723c751e8b465ee728b)  -> (artifact id: 'f33b600fd6f16712ed4a610bcf532cdc') in 0.047197 seconds 
========================================================================
Received Import Request.
  Time since last request: 0.000034 seconds.
  path: Assets/Materials/Models/SM_Primitive_Cube_01.fbx
  artifactKey: Guid(c814c49380152a4498fc56d13888b8bc) Importer(815301076,1909f56bfc062723c751e8b465ee728b)
Start importing Assets/Materials/Models/SM_Primitive_Cube_01.fbx using Guid(c814c49380152a4498fc56d13888b8bc) Importer(815301076,1909f56bfc062723c751e8b465ee728b)  -> (artifact id: 'd521cbcb3ec7f2351ffd525ea7134ad7') in 0.038597 seconds 
========================================================================
Received Import Request.
  Time since last request: 0.000036 seconds.
  path: Assets/Materials/Models/SM_Prop_Steak_01.fbx
  artifactKey: Guid(c0c6b30d3108c9e4b94b6f8953544bdd) Importer(815301076,1909f56bfc062723c751e8b465ee728b)
Start importing Assets/Materials/Models/SM_Prop_Steak_01.fbx using Guid(c0c6b30d3108c9e4b94b6f8953544bdd) Importer(815301076,1909f56bfc062723c751e8b465ee728b)  -> (artifact id: '1002b591cdcfce21672b12609ddc9032') in 0.042895 seconds 
========================================================================
Received Import Request.
  Time since last request: 0.000036 seconds.
  path: Assets/Materials/Models/SM_Prop_FieldGunRound_01.fbx
  artifactKey: Guid(cc84700ed31b2b948918930792575b23) Importer(815301076,1909f56bfc062723c751e8b465ee728b)
Start importing Assets/Materials/Models/SM_Prop_FieldGunRound_01.fbx using Guid(cc84700ed31b2b948918930792575b23) Importer(815301076,1909f56bfc062723c751e8b465ee728b)  -> (artifact id: '408d26a7a075f0dd5467a1b44ccacba6') in 0.040828 seconds 
========================================================================
Received Import Request.
  Time since last request: 0.000041 seconds.
  path: Assets/Materials/Models/Vehicle_FishingBoat_01.fbx
  artifactKey: Guid(7a3bf22539c31974b8e1f18c9491bb8e) Importer(815301076,1909f56bfc062723c751e8b465ee728b)
Start importing Assets/Materials/Models/Vehicle_FishingBoat_01.fbx using Guid(7a3bf22539c31974b8e1f18c9491bb8e) Importer(815301076,1909f56bfc062723c751e8b465ee728b)  -> (artifact id: '5362caee532a0e945ee83664a1115939') in 0.044333 seconds 
========================================================================
Received Import Request.
  Time since last request: 0.000056 seconds.
  path: Assets/Materials/Models/SM_Prop_Missile_01.fbx
  artifactKey: Guid(537096da168d4194fbb631b4164fd25a) Importer(815301076,1909f56bfc062723c751e8b465ee728b)
Start importing Assets/Materials/Models/SM_Prop_Missile_01.fbx using Guid(537096da168d4194fbb631b4164fd25a) Importer(815301076,1909f56bfc062723c751e8b465ee728b)  -> (artifact id: '2a0dd7b8f51afec298ea7fe9003ef0af') in 0.041538 seconds 
========================================================================
Received Import Request.
  Time since last request: 0.000040 seconds.
  path: Assets/Materials/Models/Vehicle_Sailboat_01.fbx
  artifactKey: Guid(361048efc5b4c0e469b70758e43bf5b6) Importer(815301076,1909f56bfc062723c751e8b465ee728b)
Start importing Assets/Materials/Models/Vehicle_Sailboat_01.fbx using Guid(361048efc5b4c0e469b70758e43bf5b6) Importer(815301076,1909f56bfc062723c751e8b465ee728b)  -> (artifact id: '8d8f3801e1c91890751641bc24cec3b4') in 0.041059 seconds 
========================================================================
Received Import Request.
  Time since last request: 0.000032 seconds.
  path: Assets/Materials/Models/ST_Veh_Car_Blue_Z.fbx
  artifactKey: Guid(0c6d5adc63c1c9240b954f70d20622c0) Importer(815301076,1909f56bfc062723c751e8b465ee728b)
Start importing Assets/Materials/Models/ST_Veh_Car_Blue_Z.fbx using Guid(0c6d5adc63c1c9240b954f70d20622c0) Importer(815301076,1909f56bfc062723c751e8b465ee728b)  -> (artifact id: '33b593bf2577d7c07e04245afd0adffe') in 0.113490 seconds 
========================================================================
Received Import Request.
  Time since last request: 0.000047 seconds.
  path: Assets/Materials/Models/Plane_Propellor01.fbx
  artifactKey: Guid(f724267d324aef34f9ea77b46e8ce4a7) Importer(815301076,1909f56bfc062723c751e8b465ee728b)
Start importing Assets/Materials/Models/Plane_Propellor01.fbx using Guid(f724267d324aef34f9ea77b46e8ce4a7) Importer(815301076,1909f56bfc062723c751e8b465ee728b)  -> (artifact id: 'b067cb3c7daa1a3760fe5daf8de669ae') in 0.118955 seconds 
========================================================================
Received Import Request.
  Time since last request: 0.000044 seconds.
  path: Assets/Materials/Models/SM_Tile_Cube_Flat_01.fbx
  artifactKey: Guid(f589b4b5f790c424fa2e70af4d5442f3) Importer(815301076,1909f56bfc062723c751e8b465ee728b)
Start importing Assets/Materials/Models/SM_Tile_Cube_Flat_01.fbx using Guid(f589b4b5f790c424fa2e70af4d5442f3) Importer(815301076,1909f56bfc062723c751e8b465ee728b)  -> (artifact id: '10a0032b9fba0c00b98aaaa04bb5766c') in 0.040546 seconds 
========================================================================
Received Import Request.
  Time since last request: 0.000039 seconds.
  path: Assets/Materials/Models/SI_Food_Organic_Apple_03.fbx
  artifactKey: Guid(2c5e31b49ae0c0e44ac39ad354b0fda0) Importer(815301076,1909f56bfc062723c751e8b465ee728b)
Start importing Assets/Materials/Models/SI_Food_Organic_Apple_03.fbx using Guid(2c5e31b49ae0c0e44ac39ad354b0fda0) Importer(815301076,1909f56bfc062723c751e8b465ee728b)  -> (artifact id: '4dbd69980b97e6c3b0e2d49c04ad4de4') in 0.050620 seconds 
========================================================================
Received Import Request.
  Time since last request: 0.000041 seconds.
  path: Assets/Materials/Models/SM_Prop_Crate_Question_01.fbx
  artifactKey: Guid(ae9df9e474c67cb4f82798de382cc8c2) Importer(815301076,1909f56bfc062723c751e8b465ee728b)
Start importing Assets/Materials/Models/SM_Prop_Crate_Question_01.fbx using Guid(ae9df9e474c67cb4f82798de382cc8c2) Importer(815301076,1909f56bfc062723c751e8b465ee728b)  -> (artifact id: 'ec9acfa2a0fd604463d3bd832e5d3e95') in 0.052464 seconds 
========================================================================
Received Import Request.
  Time since last request: 0.000034 seconds.
  path: Assets/Materials/Models/SM_Item_Ball_Soccer_01.fbx
  artifactKey: Guid(2f588320b67ed424489020f3dbb29ac4) Importer(815301076,1909f56bfc062723c751e8b465ee728b)
Start importing Assets/Materials/Models/SM_Item_Ball_Soccer_01.fbx using Guid(2f588320b67ed424489020f3dbb29ac4) Importer(815301076,1909f56bfc062723c751e8b465ee728b)  -> (artifact id: 'e93ac26a005f7a3257d48407ecfab293') in 0.040590 seconds 
========================================================================
Received Import Request.
  Time since last request: 0.000038 seconds.
  path: Assets/Materials/Models/SM_Prop_Spool_02.fbx
  artifactKey: Guid(f7c0bdfbcf14b5c4da2e329b250655c1) Importer(815301076,1909f56bfc062723c751e8b465ee728b)
Start importing Assets/Materials/Models/SM_Prop_Spool_02.fbx using Guid(f7c0bdfbcf14b5c4da2e329b250655c1) Importer(815301076,1909f56bfc062723c751e8b465ee728b)  -> (artifact id: '6f5c664ae409a65299268a999249bce3') in 0.041611 seconds 
========================================================================
Received Import Request.
  Time since last request: 0.000107 seconds.
  path: Assets/Materials/Models/FX_Lightray.fbx
  artifactKey: Guid(c51785f4dccd6044abca76d11866cc1c) Importer(815301076,1909f56bfc062723c751e8b465ee728b)
Start importing Assets/Materials/Models/FX_Lightray.fbx using Guid(c51785f4dccd6044abca76d11866cc1c) Importer(815301076,1909f56bfc062723c751e8b465ee728b)  -> (artifact id: 'f8df499e4abf8eca6fb43fb3ba40d90f') in 0.041197 seconds 
========================================================================
Received Import Request.
  Time since last request: 0.000036 seconds.
  path: Assets/Materials/Models/SimpleFarm_Characters.fbx
  artifactKey: Guid(2c2e70238dcb79a4a81c1f025bbe27c8) Importer(815301076,1909f56bfc062723c751e8b465ee728b)
Start importing Assets/Materials/Models/SimpleFarm_Characters.fbx using Guid(2c2e70238dcb79a4a81c1f025bbe27c8) Importer(815301076,1909f56bfc062723c751e8b465ee728b)  -> (artifact id: 'a2c481cbcbcba152676a89920a91ec18') in 0.133427 seconds 
========================================================================
Received Import Request.
  Time since last request: 0.000037 seconds.
  path: Assets/Materials/Models/SM_Icon_Star_01.fbx
  artifactKey: Guid(5fb85547e0d62c34baf8dd5ac22ca7aa) Importer(815301076,1909f56bfc062723c751e8b465ee728b)
Start importing Assets/Materials/Models/SM_Icon_Star_01.fbx using Guid(5fb85547e0d62c34baf8dd5ac22ca7aa) Importer(815301076,1909f56bfc062723c751e8b465ee728b)  -> (artifact id: '7f82439c2d1f719c0c3b7c7758303a93') in 0.044734 seconds 
========================================================================
Received Import Request.
  Time since last request: 0.000044 seconds.
  path: Assets/Materials/Models/SM_Prop_Synty_Cube_01.fbx
  artifactKey: Guid(358b4282ff2655645999854a9c025891) Importer(815301076,1909f56bfc062723c751e8b465ee728b)
Start importing Assets/Materials/Models/SM_Prop_Synty_Cube_01.fbx using Guid(358b4282ff2655645999854a9c025891) Importer(815301076,1909f56bfc062723c751e8b465ee728b)  -> (artifact id: '7a61697a58f0417a1a592a2d0748edf0') in 0.048521 seconds 
========================================================================
Received Import Request.
  Time since last request: 0.000043 seconds.
  path: Assets/Materials/Models/FX_Rubble.fbx
  artifactKey: Guid(d037b2edd145df946b53ba86de3f76cf) Importer(815301076,1909f56bfc062723c751e8b465ee728b)
Start importing Assets/Materials/Models/FX_Rubble.fbx using Guid(d037b2edd145df946b53ba86de3f76cf) Importer(815301076,1909f56bfc062723c751e8b465ee728b)  -> (artifact id: '2971116423a2e6dff69a5eb7d67ae56e') in 0.042129 seconds 
========================================================================
Received Import Request.
  Time since last request: 0.000032 seconds.
  path: Assets/Materials/Models/SM_Icon_Gem_01.fbx
  artifactKey: Guid(c0dda1046b6869445ac9e7d75cb09396) Importer(815301076,1909f56bfc062723c751e8b465ee728b)
Start importing Assets/Materials/Models/SM_Icon_Gem_01.fbx using Guid(c0dda1046b6869445ac9e7d75cb09396) Importer(815301076,1909f56bfc062723c751e8b465ee728b)  -> (artifact id: '950518c4bdd04f6920a823c5696c292f') in 0.042006 seconds 
========================================================================
Received Import Request.
  Time since last request: 0.000033 seconds.
  path: Assets/Materials/Models/SM_Rock_Boulder_01.fbx
  artifactKey: Guid(21792435a59530949a736f785a04cf79) Importer(815301076,1909f56bfc062723c751e8b465ee728b)
Start importing Assets/Materials/Models/SM_Rock_Boulder_01.fbx using Guid(21792435a59530949a736f785a04cf79) Importer(815301076,1909f56bfc062723c751e8b465ee728b)  -> (artifact id: '450defe7b63312a456d5b0340871f658') in 0.043256 seconds 
========================================================================
Received Import Request.
  Time since last request: 0.000031 seconds.
  path: Assets/Materials/Models/Items_EnergyCan_01.fbx
  artifactKey: Guid(e24e68f8d2332c64b935cad0f86d533d) Importer(815301076,1909f56bfc062723c751e8b465ee728b)
Start importing Assets/Materials/Models/Items_EnergyCan_01.fbx using Guid(e24e68f8d2332c64b935cad0f86d533d) Importer(815301076,1909f56bfc062723c751e8b465ee728b)  -> (artifact id: 'e32f4cfaa0c82021dc2ba5f2d93d6172') in 0.044986 seconds 
========================================================================
Received Import Request.
  Time since last request: 0.000048 seconds.
  path: Assets/Materials/Models/SI_GoldCupIcon.fbx
  artifactKey: Guid(e164bb05157ac4747b5023db94a035c4) Importer(815301076,1909f56bfc062723c751e8b465ee728b)
Start importing Assets/Materials/Models/SI_GoldCupIcon.fbx using Guid(e164bb05157ac4747b5023db94a035c4) Importer(815301076,1909f56bfc062723c751e8b465ee728b)  -> (artifact id: '66170ef280201fd029bb737ddd9971e6') in 0.048658 seconds 
========================================================================
Received Import Request.
  Time since last request: 0.000053 seconds.
  path: Assets/Materials/Models/SK_Veh_Drone_01.fbx
  artifactKey: Guid(43c7e24e4cfe92342853d0079247b5a9) Importer(815301076,1909f56bfc062723c751e8b465ee728b)
Start importing Assets/Materials/Models/SK_Veh_Drone_01.fbx using Guid(43c7e24e4cfe92342853d0079247b5a9) Importer(815301076,1909f56bfc062723c751e8b465ee728b)  -> (artifact id: '0965334656fba1cd2534623b9d818b35') in 0.097078 seconds 
========================================================================
Received Import Request.
  Time since last request: 0.000079 seconds.
  path: Assets/Materials/Models/SA_Animal_Chick.fbx
  artifactKey: Guid(d32eab728efc33646a23e7f7c41c47e8) Importer(815301076,1909f56bfc062723c751e8b465ee728b)
Start importing Assets/Materials/Models/SA_Animal_Chick.fbx using Guid(d32eab728efc33646a23e7f7c41c47e8) Importer(815301076,1909f56bfc062723c751e8b465ee728b)  -> (artifact id: 'da8d629e975d8b6f0b9e6352e1735ca3') in 0.061476 seconds 
========================================================================
Received Import Request.
  Time since last request: 0.000032 seconds.
  path: Assets/Materials/Models/SM_Tile_Cube_FloatingIsland_01.fbx
  artifactKey: Guid(61b7ef5b30375bf429b167e4e367fb39) Importer(815301076,1909f56bfc062723c751e8b465ee728b)
Start importing Assets/Materials/Models/SM_Tile_Cube_FloatingIsland_01.fbx using Guid(61b7ef5b30375bf429b167e4e367fb39) Importer(815301076,1909f56bfc062723c751e8b465ee728b)  -> (artifact id: '8610de9e91d3ec4968f92aa1b0ad572c') in 0.049989 seconds 
========================================================================
Received Import Request.
  Time since last request: 0.000044 seconds.
  path: Assets/Materials/Models/SA_Animal_CowBull.fbx
  artifactKey: Guid(bdb2f896abcf6e04dafefab7dfe68ec9) Importer(815301076,1909f56bfc062723c751e8b465ee728b)
Start importing Assets/Materials/Models/SA_Animal_CowBull.fbx using Guid(bdb2f896abcf6e04dafefab7dfe68ec9) Importer(815301076,1909f56bfc062723c751e8b465ee728b)  -> (artifact id: '18dc7cd3fe9420cf1326f4cba0184808') in 0.084752 seconds 
========================================================================
Received Import Request.
  Time since last request: 0.000051 seconds.
  path: Assets/Materials/Models/Items_Wine_01.fbx
  artifactKey: Guid(dbb4edb41a5e8ba4d9abf860a89f5e70) Importer(815301076,1909f56bfc062723c751e8b465ee728b)
Start importing Assets/Materials/Models/Items_Wine_01.fbx using Guid(dbb4edb41a5e8ba4d9abf860a89f5e70) Importer(815301076,1909f56bfc062723c751e8b465ee728b)  -> (artifact id: '3c3a99d6d8a7c8a941c3413a1bea454f') in 0.048498 seconds 
========================================================================
Received Import Request.
  Time since last request: 0.000047 seconds.
  path: Assets/Materials/Models/Small_Plane02.fbx
  artifactKey: Guid(3fcc60b0c8e2ff84fb95447dc7baa744) Importer(815301076,1909f56bfc062723c751e8b465ee728b)
Start importing Assets/Materials/Models/Small_Plane02.fbx using Guid(3fcc60b0c8e2ff84fb95447dc7baa744) Importer(815301076,1909f56bfc062723c751e8b465ee728b)  -> (artifact id: '18e5a6420f1f7c5542f1a1ab4bb28694') in 0.059827 seconds 
========================================================================
Received Import Request.
  Time since last request: 0.000036 seconds.
  path: Assets/Materials/Models/Ball_Nuclear.fbx
  artifactKey: Guid(3ac7ffc9354b05d41abf1f3b5000e74f) Importer(815301076,1909f56bfc062723c751e8b465ee728b)
Start importing Assets/Materials/Models/Ball_Nuclear.fbx using Guid(3ac7ffc9354b05d41abf1f3b5000e74f) Importer(815301076,1909f56bfc062723c751e8b465ee728b)  -> (artifact id: '6e686738825529e8cbf41256b90be294') in 0.047920 seconds 
========================================================================
Received Import Request.
  Time since last request: 0.000038 seconds.
  path: Assets/Materials/Models/SI_RadiationIcon.fbx
  artifactKey: Guid(ac00f85709e7e9b4db410402c505e930) Importer(815301076,1909f56bfc062723c751e8b465ee728b)
Start importing Assets/Materials/Models/SI_RadiationIcon.fbx using Guid(ac00f85709e7e9b4db410402c505e930) Importer(815301076,1909f56bfc062723c751e8b465ee728b)  -> (artifact id: 'aa58e5a324d536624201c19bcc9cde00') in 0.042019 seconds 
========================================================================
Received Import Request.
  Time since last request: 0.000040 seconds.
  path: Assets/Materials/Models/Items_Cookie_01.fbx
  artifactKey: Guid(cd619d8b3fe66084491bc4ab08a78ec1) Importer(815301076,1909f56bfc062723c751e8b465ee728b)
Start importing Assets/Materials/Models/Items_Cookie_01.fbx using Guid(cd619d8b3fe66084491bc4ab08a78ec1) Importer(815301076,1909f56bfc062723c751e8b465ee728b)  -> (artifact id: '4918d4d6fad8435f61c263ec105c6f59') in 0.045706 seconds 
========================================================================
Received Import Request.
  Time since last request: 0.000041 seconds.
  path: Assets/Materials/Models/Ball_Eye.fbx
  artifactKey: Guid(388e1b1570e657c4096f79456f17c3ce) Importer(815301076,1909f56bfc062723c751e8b465ee728b)
Start importing Assets/Materials/Models/Ball_Eye.fbx using Guid(388e1b1570e657c4096f79456f17c3ce) Importer(815301076,1909f56bfc062723c751e8b465ee728b)  -> (artifact id: '80cdc1993f16350eea12b324e449f619') in 0.048164 seconds 
========================================================================
Received Import Request.
  Time since last request: 282.228966 seconds.
  path: Assets/Materials/Models/missile03.prefab
  artifactKey: Guid(d8a345339c609bb498549d8ee284f924) Importer(815301076,1909f56bfc062723c751e8b465ee728b)
Start importing Assets/Materials/Models/missile03.prefab using Guid(d8a345339c609bb498549d8ee284f924) Importer(815301076,1909f56bfc062723c751e8b465ee728b)  -> (artifact id: 'd6f348fb8497de02b0cdad84740732e3') in 0.030634 seconds 
========================================================================
Received Import Request.
  Time since last request: 3.784537 seconds.
  path: Assets/Materials/Models/missile01.prefab
  artifactKey: Guid(e899e0fa674b483428e7afcb92eafe83) Importer(815301076,1909f56bfc062723c751e8b465ee728b)
Start importing Assets/Materials/Models/missile01.prefab using Guid(e899e0fa674b483428e7afcb92eafe83) Importer(815301076,1909f56bfc062723c751e8b465ee728b)  -> (artifact id: 'e356b392a4574cf72aecfe3eb86e2f55') in 0.050255 seconds 
